Using pre-set license
Built from '2020.3/release' branch; Version is '2020.3.1f1 (77a89f25062f) revision 7841951'; Using compiler version '192528614'; Build Type 'Release'
OS: 'Windows 10 Pro; OS build 19042.867; Version 2009; 64bit' Language: 'es' Physical Memory: 16340 MB
BatchMode: 1, IsHumanControllingUs: 0, StartBugReporterOnCrash: 0, Is64bit: 1, IsPro: 0

 COMMAND LINE ARGUMENTS:
C:\Program Files\Unity\Hub\Editor\2020.3.1f1\Editor\Unity.exe
-adb2
-batchMode
-noUpm
-name
AssetImportWorker0
-projectPath
C:/Developer/Projects/Curso/08John Lemon/John Lemon’s Haunted Jaunt
-logFile
Logs/AssetImportWorker0.log
-srvPort
51951
Successfully changed project path to: C:/Developer/Projects/Curso/08John Lemon/John Lemon’s Haunted Jaunt
C:/Developer/Projects/Curso/08John Lemon/John Lemon’s Haunted Jaunt
Using Asset Import Pipeline V2.
Refreshing native plugins compatible for Editor in 147.32 ms, found 0 plugins.
Preloading 0 native plugins for Editor in 0.00 ms.
Initialize engine version: 2020.3.1f1 (77a89f25062f)
[Subsystems] Discovering subsystems at path C:/Program Files/Unity/Hub/Editor/2020.3.1f1/Editor/Data/Resources/UnitySubsystems
[Subsystems] Discovering subsystems at path C:/Developer/Projects/Curso/08John Lemon/John Lemon’s Haunted Jaunt/Assets
GfxDevice: creating device client; threaded=0
Direct3D:
    Version:  Direct3D 11.0 [level 11.1]
    Renderer: AMD Radeon R7 200 Series (ID=0x6658)
    Vendor:   
    VRAM:     2024 MB
    Driver:   27.20.14501.18003
Shader 'Universal Render Pipeline/Particles/Lit': fallback shader 'Universal Render Pipeline/Particles/SimpleLit' not found
Initialize mono
Mono path[0] = 'C:/Program Files/Unity/Hub/Editor/2020.3.1f1/Editor/Data/Managed'
Mono path[1] = 'C:/Program Files/Unity/Hub/Editor/2020.3.1f1/Editor/Data/MonoBleedingEdge/lib/mono/unityjit'
Mono config path = 'C:/Program Files/Unity/Hub/Editor/2020.3.1f1/Editor/Data/MonoBleedingEdge/etc'
Using monoOptions --debugger-agent=transport=dt_socket,embedding=1,server=y,suspend=n,address=127.0.0.1:56480
Begin MonoManager ReloadAssembly
Registering precompiled unity dll's ...
Register platform support module: C:/Program Files/Unity/Hub/Editor/2020.3.1f1/Editor/Data/PlaybackEngines/WindowsStandaloneSupport/UnityEditor.WindowsStandalone.Extensions.dll
Registered in 0.004459 seconds.
Native extension for WindowsStandalone target not found
Refreshing native plugins compatible for Editor in 124.34 ms, found 0 plugins.
Preloading 0 native plugins for Editor in 0.00 ms.
Invoked RoslynAnalysisRunner static constructor.
RoslynAnalysisRunner will not be running.
RoslynAnalysisRunner has terminated.
Mono: successfully reloaded assembly
- Completed reload, in  2.551 seconds
Platform modules already initialized, skipping
Registering precompiled user dll's ...
Registered in 0.007081 seconds.
Begin MonoManager ReloadAssembly
Native extension for WindowsStandalone target not found
Refreshing native plugins compatible for Editor in 137.01 ms, found 0 plugins.
Preloading 0 native plugins for Editor in 0.00 ms.
Invoked RoslynAnalysisRunner static constructor.
RoslynAnalysisRunner will not be running.
RoslynAnalysisRunner has terminated.
Mono: successfully reloaded assembly
- Completed reload, in  2.397 seconds
Platform modules already initialized, skipping
========================================================================
Worker process is ready to serve import requests
Shader 'Universal Render Pipeline/Particles/Lit': fallback shader 'Universal Render Pipeline/Particles/SimpleLit' not found
Launched and connected shader compiler UnityShaderCompiler.exe after 0.10 seconds
Refreshing native plugins compatible for Editor in 1.33 ms, found 0 plugins.
Preloading 0 native plugins for Editor in 0.00 ms.
Unloading 2995 Unused Serialized files (Serialized files now loaded: 0)
System memory in use before: 210.1 MB.
System memory in use after: 210.3 MB.

Unloading 36 unused Assets to reduce memory usage. Loaded Objects now: 3431.
Total: 4.683000 ms (FindLiveObjects: 0.891200 ms CreateObjectMapping: 0.215200 ms MarkObjects: 3.338000 ms  DeleteObjects: 0.236100 ms)

========================================================================
Received Import Request.
  path: Assets/Scripts/Title.cs
  artifactKey: Guid(91c2caff3e0743843889d2952e4deecb) Importer(815301076,1909f56bfc062723c751e8b465ee728b)
Start importing Assets/Scripts/Title.cs using Guid(91c2caff3e0743843889d2952e4deecb) Importer(815301076,1909f56bfc062723c751e8b465ee728b)  -> (artifact id: 'a32053713e1b60c011050a7bbadaa1cb') in 0.067799 seconds
  Import took 0.075121 seconds .

========================================================================
Received Prepare
Registering precompiled user dll's ...
Registered in 0.007244 seconds.
Begin MonoManager ReloadAssembly
Native extension for WindowsStandalone target not found
Refreshing native plugins compatible for Editor in 1.08 ms, found 0 plugins.
Preloading 0 native plugins for Editor in 0.00 ms.
Invoked RoslynAnalysisRunner static constructor.
RoslynAnalysisRunner will not be running.
RoslynAnalysisRunner has terminated.
Mono: successfully reloaded assembly
- Completed reload, in  2.429 seconds
Platform modules already initialized, skipping
Shader 'Universal Render Pipeline/Particles/Lit': fallback shader 'Universal Render Pipeline/Particles/SimpleLit' not found
Refreshing native plugins compatible for Editor in 1.10 ms, found 0 plugins.
Preloading 0 native plugins for Editor in 0.00 ms.
Unloading 2841 Unused Serialized files (Serialized files now loaded: 0)
System memory in use before: 200.8 MB.
System memory in use after: 201.0 MB.

Unloading 27 unused Assets to reduce memory usage. Loaded Objects now: 3434.
Total: 4.871400 ms (FindLiveObjects: 0.596400 ms CreateObjectMapping: 0.162400 ms MarkObjects: 3.959700 ms  DeleteObjects: 0.151100 ms)

========================================================================
Received Prepare
Registering precompiled user dll's ...
Registered in 0.008387 seconds.
Begin MonoManager ReloadAssembly
Native extension for WindowsStandalone target not found
Refreshing native plugins compatible for Editor in 1.13 ms, found 0 plugins.
Preloading 0 native plugins for Editor in 0.00 ms.
Invoked RoslynAnalysisRunner static constructor.
RoslynAnalysisRunner will not be running.
RoslynAnalysisRunner has terminated.
Mono: successfully reloaded assembly
- Completed reload, in  2.439 seconds
Platform modules already initialized, skipping
Shader 'Universal Render Pipeline/Particles/Lit': fallback shader 'Universal Render Pipeline/Particles/SimpleLit' not found
Refreshing native plugins compatible for Editor in 1.35 ms, found 0 plugins.
Preloading 0 native plugins for Editor in 0.00 ms.
Unloading 2841 Unused Serialized files (Serialized files now loaded: 0)
System memory in use before: 200.8 MB.
System memory in use after: 201.0 MB.

Unloading 27 unused Assets to reduce memory usage. Loaded Objects now: 3437.
Total: 4.499000 ms (FindLiveObjects: 0.683600 ms CreateObjectMapping: 0.177600 ms MarkObjects: 3.404800 ms  DeleteObjects: 0.229100 ms)

========================================================================
Received Prepare
Registering precompiled user dll's ...
Registered in 0.009000 seconds.
Begin MonoManager ReloadAssembly
Native extension for WindowsStandalone target not found
Refreshing native plugins compatible for Editor in 1.11 ms, found 0 plugins.
Preloading 0 native plugins for Editor in 0.00 ms.
Invoked RoslynAnalysisRunner static constructor.
RoslynAnalysisRunner will not be running.
RoslynAnalysisRunner has terminated.
Mono: successfully reloaded assembly
- Completed reload, in  1.933 seconds
Platform modules already initialized, skipping
Shader 'Universal Render Pipeline/Particles/Lit': fallback shader 'Universal Render Pipeline/Particles/SimpleLit' not found
Refreshing native plugins compatible for Editor in 2.21 ms, found 0 plugins.
Preloading 0 native plugins for Editor in 0.00 ms.
Unloading 2841 Unused Serialized files (Serialized files now loaded: 0)
System memory in use before: 200.8 MB.
System memory in use after: 201.0 MB.

Unloading 27 unused Assets to reduce memory usage. Loaded Objects now: 3440.
Total: 4.370800 ms (FindLiveObjects: 0.609700 ms CreateObjectMapping: 0.159800 ms MarkObjects: 3.434100 ms  DeleteObjects: 0.164700 ms)

========================================================================
Received Prepare
Registering precompiled user dll's ...
Registered in 0.006007 seconds.
Begin MonoManager ReloadAssembly
Native extension for WindowsStandalone target not found
Refreshing native plugins compatible for Editor in 1.11 ms, found 0 plugins.
Preloading 0 native plugins for Editor in 0.00 ms.
Invoked RoslynAnalysisRunner static constructor.
RoslynAnalysisRunner will not be running.
RoslynAnalysisRunner has terminated.
Mono: successfully reloaded assembly
- Completed reload, in  2.541 seconds
Platform modules already initialized, skipping
Shader 'Universal Render Pipeline/Particles/Lit': fallback shader 'Universal Render Pipeline/Particles/SimpleLit' not found
Refreshing native plugins compatible for Editor in 1.21 ms, found 0 plugins.
Preloading 0 native plugins for Editor in 0.00 ms.
Unloading 2841 Unused Serialized files (Serialized files now loaded: 0)
System memory in use before: 200.9 MB.
System memory in use after: 201.1 MB.

Unloading 27 unused Assets to reduce memory usage. Loaded Objects now: 3443.
Total: 4.085900 ms (FindLiveObjects: 0.600300 ms CreateObjectMapping: 0.176200 ms MarkObjects: 3.172900 ms  DeleteObjects: 0.134400 ms)

========================================================================
Received Prepare
Registering precompiled user dll's ...
Registered in 0.007756 seconds.
Begin MonoManager ReloadAssembly
Native extension for WindowsStandalone target not found
Refreshing native plugins compatible for Editor in 1.45 ms, found 0 plugins.
Preloading 0 native plugins for Editor in 0.00 ms.
Invoked RoslynAnalysisRunner static constructor.
RoslynAnalysisRunner will not be running.
RoslynAnalysisRunner has terminated.
Mono: successfully reloaded assembly
- Completed reload, in  2.783 seconds
Platform modules already initialized, skipping
Shader 'Universal Render Pipeline/Particles/Lit': fallback shader 'Universal Render Pipeline/Particles/SimpleLit' not found
Refreshing native plugins compatible for Editor in 1.65 ms, found 0 plugins.
Preloading 0 native plugins for Editor in 0.00 ms.
Unloading 2841 Unused Serialized files (Serialized files now loaded: 0)
System memory in use before: 200.9 MB.
System memory in use after: 201.1 MB.

Unloading 27 unused Assets to reduce memory usage. Loaded Objects now: 3446.
Total: 4.715300 ms (FindLiveObjects: 0.610700 ms CreateObjectMapping: 0.171100 ms MarkObjects: 3.799500 ms  DeleteObjects: 0.131800 ms)

========================================================================
Received Prepare
Registering precompiled user dll's ...
Registered in 0.017816 seconds.
Begin MonoManager ReloadAssembly
Native extension for WindowsStandalone target not found
Refreshing native plugins compatible for Editor in 1.11 ms, found 0 plugins.
Preloading 0 native plugins for Editor in 0.00 ms.
Invoked RoslynAnalysisRunner static constructor.
RoslynAnalysisRunner will not be running.
RoslynAnalysisRunner has terminated.
Mono: successfully reloaded assembly
- Completed reload, in  2.672 seconds
Platform modules already initialized, skipping
Shader 'Universal Render Pipeline/Particles/Lit': fallback shader 'Universal Render Pipeline/Particles/SimpleLit' not found
Refreshing native plugins compatible for Editor in 1.28 ms, found 0 plugins.
Preloading 0 native plugins for Editor in 0.00 ms.
Unloading 2841 Unused Serialized files (Serialized files now loaded: 0)
System memory in use before: 200.9 MB.
System memory in use after: 201.1 MB.

Unloading 27 unused Assets to reduce memory usage. Loaded Objects now: 3449.
Total: 4.245900 ms (FindLiveObjects: 0.664700 ms CreateObjectMapping: 0.184000 ms MarkObjects: 3.255100 ms  DeleteObjects: 0.139600 ms)

========================================================================
Received Prepare
Registering precompiled user dll's ...
Registered in 0.007146 seconds.
Begin MonoManager ReloadAssembly
Native extension for WindowsStandalone target not found
Refreshing native plugins compatible for Editor in 2.00 ms, found 0 plugins.
Preloading 0 native plugins for Editor in 0.00 ms.
Invoked RoslynAnalysisRunner static constructor.
RoslynAnalysisRunner will not be running.
RoslynAnalysisRunner has terminated.
Mono: successfully reloaded assembly
- Completed reload, in  2.378 seconds
Platform modules already initialized, skipping
Shader 'Universal Render Pipeline/Particles/Lit': fallback shader 'Universal Render Pipeline/Particles/SimpleLit' not found
Refreshing native plugins compatible for Editor in 1.07 ms, found 0 plugins.
Preloading 0 native plugins for Editor in 0.00 ms.
Unloading 2841 Unused Serialized files (Serialized files now loaded: 0)
System memory in use before: 200.9 MB.
System memory in use after: 201.1 MB.

Unloading 27 unused Assets to reduce memory usage. Loaded Objects now: 3452.
Total: 4.441700 ms (FindLiveObjects: 0.708600 ms CreateObjectMapping: 0.223800 ms MarkObjects: 3.370300 ms  DeleteObjects: 0.137000 ms)

========================================================================
Received Prepare
Registering precompiled user dll's ...
Registered in 0.009490 seconds.
Begin MonoManager ReloadAssembly
Native extension for WindowsStandalone target not found
Refreshing native plugins compatible for Editor in 1.15 ms, found 0 plugins.
Preloading 0 native plugins for Editor in 0.00 ms.
Invoked RoslynAnalysisRunner static constructor.
RoslynAnalysisRunner will not be running.
RoslynAnalysisRunner has terminated.
Mono: successfully reloaded assembly
- Completed reload, in  1.885 seconds
Platform modules already initialized, skipping
Shader 'Universal Render Pipeline/Particles/Lit': fallback shader 'Universal Render Pipeline/Particles/SimpleLit' not found
Refreshing native plugins compatible for Editor in 1.37 ms, found 0 plugins.
Preloading 0 native plugins for Editor in 0.00 ms.
Unloading 2841 Unused Serialized files (Serialized files now loaded: 0)
System memory in use before: 200.9 MB.
System memory in use after: 201.1 MB.

Unloading 27 unused Assets to reduce memory usage. Loaded Objects now: 3455.
Total: 4.654200 ms (FindLiveObjects: 0.686000 ms CreateObjectMapping: 0.165400 ms MarkObjects: 3.645000 ms  DeleteObjects: 0.155300 ms)

========================================================================
Received Prepare
Registering precompiled user dll's ...
Registered in 0.005908 seconds.
Begin MonoManager ReloadAssembly
Native extension for WindowsStandalone target not found
Refreshing native plugins compatible for Editor in 1.30 ms, found 0 plugins.
Preloading 0 native plugins for Editor in 0.00 ms.
Invoked RoslynAnalysisRunner static constructor.
RoslynAnalysisRunner will not be running.
RoslynAnalysisRunner has terminated.
Mono: successfully reloaded assembly
- Completed reload, in  2.757 seconds
Platform modules already initialized, skipping
Shader 'Universal Render Pipeline/Particles/Lit': fallback shader 'Universal Render Pipeline/Particles/SimpleLit' not found
Refreshing native plugins compatible for Editor in 1.23 ms, found 0 plugins.
Preloading 0 native plugins for Editor in 0.00 ms.
Unloading 2841 Unused Serialized files (Serialized files now loaded: 0)
System memory in use before: 200.9 MB.
System memory in use after: 201.1 MB.

Unloading 27 unused Assets to reduce memory usage. Loaded Objects now: 3458.
Total: 5.328000 ms (FindLiveObjects: 0.647500 ms CreateObjectMapping: 0.192000 ms MarkObjects: 4.262900 ms  DeleteObjects: 0.222400 ms)

========================================================================
Received Prepare
Registering precompiled user dll's ...
Registered in 0.006492 seconds.
Begin MonoManager ReloadAssembly
Native extension for WindowsStandalone target not found
Refreshing native plugins compatible for Editor in 1.04 ms, found 0 plugins.
Preloading 0 native plugins for Editor in 0.00 ms.
Invoked RoslynAnalysisRunner static constructor.
RoslynAnalysisRunner will not be running.
RoslynAnalysisRunner has terminated.
Mono: successfully reloaded assembly
- Completed reload, in  2.325 seconds
Platform modules already initialized, skipping
Shader 'Universal Render Pipeline/Particles/Lit': fallback shader 'Universal Render Pipeline/Particles/SimpleLit' not found
Refreshing native plugins compatible for Editor in 1.25 ms, found 0 plugins.
Preloading 0 native plugins for Editor in 0.00 ms.
Unloading 2841 Unused Serialized files (Serialized files now loaded: 0)
System memory in use before: 200.9 MB.
System memory in use after: 201.1 MB.

Unloading 27 unused Assets to reduce memory usage. Loaded Objects now: 3461.
Total: 4.065300 ms (FindLiveObjects: 0.635900 ms CreateObjectMapping: 0.163700 ms MarkObjects: 3.124400 ms  DeleteObjects: 0.138800 ms)

========================================================================
Received Prepare
Registering precompiled user dll's ...
Registered in 0.008285 seconds.
Begin MonoManager ReloadAssembly
Native extension for WindowsStandalone target not found
Refreshing native plugins compatible for Editor in 1.13 ms, found 0 plugins.
Preloading 0 native plugins for Editor in 0.00 ms.
Invoked RoslynAnalysisRunner static constructor.
RoslynAnalysisRunner will not be running.
RoslynAnalysisRunner has terminated.
Mono: successfully reloaded assembly
- Completed reload, in  2.349 seconds
Platform modules already initialized, skipping
Shader 'Universal Render Pipeline/Particles/Lit': fallback shader 'Universal Render Pipeline/Particles/SimpleLit' not found
Refreshing native plugins compatible for Editor in 1.08 ms, found 0 plugins.
Preloading 0 native plugins for Editor in 0.00 ms.
Unloading 2841 Unused Serialized files (Serialized files now loaded: 0)
System memory in use before: 200.9 MB.
System memory in use after: 201.1 MB.

Unloading 27 unused Assets to reduce memory usage. Loaded Objects now: 3464.
Total: 4.126500 ms (FindLiveObjects: 0.608800 ms CreateObjectMapping: 0.187900 ms MarkObjects: 3.192300 ms  DeleteObjects: 0.135800 ms)

========================================================================
Received Prepare
Registering precompiled user dll's ...
Registered in 0.006612 seconds.
Begin MonoManager ReloadAssembly
Native extension for WindowsStandalone target not found
Refreshing native plugins compatible for Editor in 1.11 ms, found 0 plugins.
Preloading 0 native plugins for Editor in 0.00 ms.
Invoked RoslynAnalysisRunner static constructor.
RoslynAnalysisRunner will not be running.
RoslynAnalysisRunner has terminated.
Mono: successfully reloaded assembly
- Completed reload, in  2.426 seconds
Platform modules already initialized, skipping
Shader 'Universal Render Pipeline/Particles/Lit': fallback shader 'Universal Render Pipeline/Particles/SimpleLit' not found
Refreshing native plugins compatible for Editor in 1.08 ms, found 0 plugins.
Preloading 0 native plugins for Editor in 0.00 ms.
Unloading 2841 Unused Serialized files (Serialized files now loaded: 0)
System memory in use before: 200.9 MB.
System memory in use after: 201.1 MB.

Unloading 27 unused Assets to reduce memory usage. Loaded Objects now: 3467.
Total: 4.025200 ms (FindLiveObjects: 0.606500 ms CreateObjectMapping: 0.163700 ms MarkObjects: 3.117400 ms  DeleteObjects: 0.135500 ms)

========================================================================
Received Import Request.
  Time since last request: 2520.672379 seconds.
  path: Assets/Scripts/Title.cs
  artifactKey: Guid(91c2caff3e0743843889d2952e4deecb) Importer(815301076,1909f56bfc062723c751e8b465ee728b)
Start importing Assets/Scripts/Title.cs using Guid(91c2caff3e0743843889d2952e4deecb) Importer(815301076,1909f56bfc062723c751e8b465ee728b)  -> (artifact id: '62fbbece2806232aa14c2868f83d4037') in 0.031487 seconds
  Import took 0.040390 seconds .

========================================================================
Received Prepare
Registering precompiled user dll's ...
Registered in 0.011437 seconds.
Begin MonoManager ReloadAssembly
Native extension for WindowsStandalone target not found
Refreshing native plugins compatible for Editor in 1.12 ms, found 0 plugins.
Preloading 0 native plugins for Editor in 0.00 ms.
Invoked RoslynAnalysisRunner static constructor.
RoslynAnalysisRunner will not be running.
RoslynAnalysisRunner has terminated.
Mono: successfully reloaded assembly
- Completed reload, in  3.036 seconds
Platform modules already initialized, skipping
Shader 'Universal Render Pipeline/Particles/Lit': fallback shader 'Universal Render Pipeline/Particles/SimpleLit' not found
Refreshing native plugins compatible for Editor in 1.12 ms, found 0 plugins.
Preloading 0 native plugins for Editor in 0.00 ms.
Unloading 2840 Unused Serialized files (Serialized files now loaded: 0)
System memory in use before: 200.9 MB.
System memory in use after: 201.1 MB.

Unloading 28 unused Assets to reduce memory usage. Loaded Objects now: 3469.
Total: 4.792000 ms (FindLiveObjects: 0.656000 ms CreateObjectMapping: 0.204700 ms MarkObjects: 3.778400 ms  DeleteObjects: 0.150200 ms)

========================================================================
Received Prepare
Registering precompiled user dll's ...
Registered in 0.009145 seconds.
Begin MonoManager ReloadAssembly
Native extension for WindowsStandalone target not found
Refreshing native plugins compatible for Editor in 1.10 ms, found 0 plugins.
Preloading 0 native plugins for Editor in 0.00 ms.
Invoked RoslynAnalysisRunner static constructor.
RoslynAnalysisRunner will not be running.
RoslynAnalysisRunner has terminated.
Mono: successfully reloaded assembly
- Completed reload, in  2.254 seconds
Platform modules already initialized, skipping
Shader 'Universal Render Pipeline/Particles/Lit': fallback shader 'Universal Render Pipeline/Particles/SimpleLit' not found
Refreshing native plugins compatible for Editor in 4.50 ms, found 0 plugins.
Preloading 0 native plugins for Editor in 0.00 ms.
Unloading 2840 Unused Serialized files (Serialized files now loaded: 0)
System memory in use before: 200.9 MB.
System memory in use after: 201.1 MB.

Unloading 27 unused Assets to reduce memory usage. Loaded Objects now: 3472.
Total: 15.569500 ms (FindLiveObjects: 6.298100 ms CreateObjectMapping: 0.575900 ms MarkObjects: 8.508100 ms  DeleteObjects: 0.184300 ms)

========================================================================
Received Prepare
Registering precompiled user dll's ...
Registered in 0.069052 seconds.
Begin MonoManager ReloadAssembly
Native extension for WindowsStandalone target not found
Refreshing native plugins compatible for Editor in 1.98 ms, found 0 plugins.
Preloading 0 native plugins for Editor in 0.00 ms.
Invoked RoslynAnalysisRunner static constructor.
RoslynAnalysisRunner will not be running.
RoslynAnalysisRunner has terminated.
Mono: successfully reloaded assembly
- Completed reload, in  4.049 seconds
Platform modules already initialized, skipping
Shader 'Universal Render Pipeline/Particles/Lit': fallback shader 'Universal Render Pipeline/Particles/SimpleLit' not found
Refreshing native plugins compatible for Editor in 1.56 ms, found 0 plugins.
Preloading 0 native plugins for Editor in 0.00 ms.
Unloading 2840 Unused Serialized files (Serialized files now loaded: 0)
System memory in use before: 200.9 MB.
System memory in use after: 201.1 MB.

Unloading 27 unused Assets to reduce memory usage. Loaded Objects now: 3475.
Total: 10.395400 ms (FindLiveObjects: 0.647400 ms CreateObjectMapping: 1.106600 ms MarkObjects: 8.284700 ms  DeleteObjects: 0.354000 ms)

========================================================================
Received Prepare
Registering precompiled user dll's ...
Registered in 0.005885 seconds.
Begin MonoManager ReloadAssembly
Native extension for WindowsStandalone target not found
Refreshing native plugins compatible for Editor in 1.25 ms, found 0 plugins.
Preloading 0 native plugins for Editor in 0.00 ms.
Invoked RoslynAnalysisRunner static constructor.
RoslynAnalysisRunner will not be running.
RoslynAnalysisRunner has terminated.
Mono: successfully reloaded assembly
- Completed reload, in  4.014 seconds
Platform modules already initialized, skipping
Shader 'Universal Render Pipeline/Particles/Lit': fallback shader 'Universal Render Pipeline/Particles/SimpleLit' not found
Refreshing native plugins compatible for Editor in 1.36 ms, found 0 plugins.
Preloading 0 native plugins for Editor in 0.00 ms.
Unloading 2840 Unused Serialized files (Serialized files now loaded: 0)
System memory in use before: 200.9 MB.
System memory in use after: 201.1 MB.

Unloading 27 unused Assets to reduce memory usage. Loaded Objects now: 3478.
Total: 4.947600 ms (FindLiveObjects: 1.105300 ms CreateObjectMapping: 0.222800 ms MarkObjects: 3.277400 ms  DeleteObjects: 0.338900 ms)

========================================================================
Received Prepare
Registering precompiled user dll's ...
Registered in 0.009693 seconds.
Begin MonoManager ReloadAssembly
Native extension for WindowsStandalone target not found
Refreshing native plugins compatible for Editor in 1.13 ms, found 0 plugins.
Preloading 0 native plugins for Editor in 0.00 ms.
Invoked RoslynAnalysisRunner static constructor.
RoslynAnalysisRunner will not be running.
RoslynAnalysisRunner has terminated.
Mono: successfully reloaded assembly
- Completed reload, in  2.107 seconds
Platform modules already initialized, skipping
Shader 'Universal Render Pipeline/Particles/Lit': fallback shader 'Universal Render Pipeline/Particles/SimpleLit' not found
Refreshing native plugins compatible for Editor in 1.30 ms, found 0 plugins.
Preloading 0 native plugins for Editor in 0.00 ms.
Unloading 2840 Unused Serialized files (Serialized files now loaded: 0)
System memory in use before: 200.9 MB.
System memory in use after: 201.1 MB.

Unloading 27 unused Assets to reduce memory usage. Loaded Objects now: 3481.
Total: 4.926700 ms (FindLiveObjects: 0.792400 ms CreateObjectMapping: 0.546100 ms MarkObjects: 3.436000 ms  DeleteObjects: 0.149700 ms)

========================================================================
Received Import Request.
  Time since last request: 2033.323545 seconds.
  path: Assets/Shaders/ShaderGhost
  artifactKey: Guid(ff7ca08bae78bbd42b6baf0f6ff95d16) Importer(815301076,1909f56bfc062723c751e8b465ee728b)
Start importing Assets/Shaders/ShaderGhost using Guid(ff7ca08bae78bbd42b6baf0f6ff95d16) Importer(815301076,1909f56bfc062723c751e8b465ee728b)  -> (artifact id: '88a6f92c4ccb1e1c188ddccd4b392a3c') in 0.405757 seconds
  Import took 0.415826 seconds .

========================================================================
Received Import Request.
  Time since last request: 31.896612 seconds.
  path: Assets/Shaders/ColorLerpSubGraph_Final.shadersubgraph
  artifactKey: Guid(aebd19fdd59117041b721a9c4924222f) Importer(815301076,1909f56bfc062723c751e8b465ee728b)
Start importing Assets/Shaders/ColorLerpSubGraph_Final.shadersubgraph using Guid(aebd19fdd59117041b721a9c4924222f) Importer(815301076,1909f56bfc062723c751e8b465ee728b)  -> (artifact id: '3b3bff2936e35881b56de763be641d7f') in 0.031502 seconds
  Import took 0.041046 seconds .

========================================================================
Received Import Request.
  Time since last request: 0.000402 seconds.
  path: Assets/Shaders/RotatorSubGraph.shadersubgraph
  artifactKey: Guid(23e04412c34f8384fbf64561689229c8) Importer(815301076,1909f56bfc062723c751e8b465ee728b)
Start importing Assets/Shaders/RotatorSubGraph.shadersubgraph using Guid(23e04412c34f8384fbf64561689229c8) Importer(815301076,1909f56bfc062723c751e8b465ee728b)  -> (artifact id: '6d2b404da6a6471d8802e362a669a636') in 0.025831 seconds
  Import took 0.036612 seconds .

========================================================================
Received Import Request.
  Time since last request: 0.000477 seconds.
  path: Assets/Shaders/ColorRampSubGraph_Final.shadersubgraph
  artifactKey: Guid(20a4502be49e73f4e845ce5e7596d87c) Importer(815301076,1909f56bfc062723c751e8b465ee728b)
Start importing Assets/Shaders/ColorRampSubGraph_Final.shadersubgraph using Guid(20a4502be49e73f4e845ce5e7596d87c) Importer(815301076,1909f56bfc062723c751e8b465ee728b)  -> (artifact id: 'b62bd9f91d0a2fc8123f727fc5291515') in 0.027308 seconds
  Import took 0.039934 seconds .

========================================================================
Received Import Request.
  Time since last request: 0.000265 seconds.
  path: Assets/Shaders/FresnelMultiplySubGraph_Final.shadersubgraph
  artifactKey: Guid(c651f1b0a9c573341aff4a92e2bc54db) Importer(815301076,1909f56bfc062723c751e8b465ee728b)
Start importing Assets/Shaders/FresnelMultiplySubGraph_Final.shadersubgraph using Guid(c651f1b0a9c573341aff4a92e2bc54db) Importer(815301076,1909f56bfc062723c751e8b465ee728b)  -> (artifact id: '4a5ad7762af546832230d857a0c2469b') in 0.031970 seconds
  Import took 0.045063 seconds .

========================================================================
Received Import Request.
  Time since last request: 0.000389 seconds.
  path: Assets/Shaders/PannerSubGraph_Final.shadersubgraph
  artifactKey: Guid(f1cb06e4fb94f6b4e958e6c251f7ae1c) Importer(815301076,1909f56bfc062723c751e8b465ee728b)
Start importing Assets/Shaders/PannerSubGraph_Final.shadersubgraph using Guid(f1cb06e4fb94f6b4e958e6c251f7ae1c) Importer(815301076,1909f56bfc062723c751e8b465ee728b)  -> (artifact id: '41f69f4b8eeba3cf027bc5b055fbe571') in 0.033019 seconds
  Import took 0.042902 seconds .

========================================================================
Received Import Request.
  Time since last request: 0.000617 seconds.
  path: Assets/Shaders/EdgeNoiseSubGraph.shadersubgraph
  artifactKey: Guid(a7a5ec687f626f9499b51b28708e14aa) Importer(815301076,1909f56bfc062723c751e8b465ee728b)
Start importing Assets/Shaders/EdgeNoiseSubGraph.shadersubgraph using Guid(a7a5ec687f626f9499b51b28708e14aa) Importer(815301076,1909f56bfc062723c751e8b465ee728b)  -> (artifact id: 'e6a7c4dbf9b19ca404e057cb42125506') in 0.053359 seconds
  Import took 0.061803 seconds .

========================================================================
Received Import Request.
  Time since last request: 22.310845 seconds.
  path: Assets/Shaders/GhostShader.shadergraph
  artifactKey: Guid(12156eabe8427cc4f917cc1a16996d55) Importer(815301076,1909f56bfc062723c751e8b465ee728b)
Start importing Assets/Shaders/GhostShader.shadergraph using Guid(12156eabe8427cc4f917cc1a16996d55) Importer(815301076,1909f56bfc062723c751e8b465ee728b)  -> (artifact id: '7cde68f8c6d434f3accfad79e3030d72') in 0.569300 seconds
  Import took 0.577671 seconds .

========================================================================
Received Import Request.
  Time since last request: 1.157433 seconds.
  path: Assets/Shaders/GhostShader_Final.shadergraph
  artifactKey: Guid(393d41ea0fb1d43488ba0b739703a060) Importer(815301076,1909f56bfc062723c751e8b465ee728b)
Start importing Assets/Shaders/GhostShader_Final.shadergraph using Guid(393d41ea0fb1d43488ba0b739703a060) Importer(815301076,1909f56bfc062723c751e8b465ee728b)  -> (artifact id: '81b3754814502a4667f534670408ec0d') in 0.016216 seconds
  Import took 0.023954 seconds .

========================================================================
Received Import Request.
  Time since last request: 1.480761 seconds.
  path: Assets/Shaders/GhostShader_Final.shadergraph
  artifactKey: Guid(393d41ea0fb1d43488ba0b739703a060) Importer(815301076,1909f56bfc062723c751e8b465ee728b)
Start importing Assets/Shaders/GhostShader_Final.shadergraph using Guid(393d41ea0fb1d43488ba0b739703a060) Importer(815301076,1909f56bfc062723c751e8b465ee728b)  -> (artifact id: '81b3754814502a4667f534670408ec0d') in 0.047870 seconds
  Import took 0.057312 seconds .

AssetImportWorkerClient::OnTransportError - code=2 error=End of file
