Using pre-set license
Built from '2020.2/staging' branch; Version is '2020.2.7f1 (c53830e277f1) revision 12924976'; Using compiler version '192528614'; Build Type 'Release'
OS: 'Windows 10 Pro; OS build 19042.867; Version 2009; 64bit' Language: 'es' Physical Memory: 16340 MB
BatchMode: 1, IsHumanControllingUs: 0, StartBugReporterOnCrash: 0, Is64bit: 1, IsPro: 0

 COMMAND LINE ARGUMENTS:
C:\Program Files\Unity\Hub\Editor\2020.2.7f1\Editor\Unity.exe
-adb2
-batchMode
-noUpm
-name
AssetImportWorker0
-projectPath
C:/Developer/Projects/Curso/08John Lemon/John Lemon’s Haunted Jaunt
-logFile
Logs/AssetImportWorker0.log
-srvPort
58162
Successfully changed project path to: C:/Developer/Projects/Curso/08John Lemon/John Lemon’s Haunted Jaunt
C:/Developer/Projects/Curso/08John Lemon/John Lemon’s Haunted Jaunt
Using Asset Import Pipeline V2.
Refreshing native plugins compatible for Editor in 95.52 ms, found 0 plugins.
Preloading 0 native plugins for Editor in 0.00 ms.
Initialize engine version: 2020.2.7f1 (c53830e277f1)
[Subsystems] Discovering subsystems at path C:/Program Files/Unity/Hub/Editor/2020.2.7f1/Editor/Data/Resources/UnitySubsystems
[Subsystems] Discovering subsystems at path C:/Developer/Projects/Curso/08John Lemon/John Lemon’s Haunted Jaunt/Assets
GfxDevice: creating device client; threaded=0
Direct3D:
    Version:  Direct3D 11.0 [level 11.1]
    Renderer: AMD Radeon R7 200 Series (ID=0x6658)
    Vendor:   
    VRAM:     2024 MB
    Driver:   27.20.14501.18003
Initialize mono
Mono path[0] = 'C:/Program Files/Unity/Hub/Editor/2020.2.7f1/Editor/Data/Managed'
Mono path[1] = 'C:/Program Files/Unity/Hub/Editor/2020.2.7f1/Editor/Data/MonoBleedingEdge/lib/mono/unityjit'
Mono config path = 'C:/Program Files/Unity/Hub/Editor/2020.2.7f1/Editor/Data/MonoBleedingEdge/etc'
Using monoOptions --debugger-agent=transport=dt_socket,embedding=1,server=y,suspend=n,address=127.0.0.1:56608
Begin MonoManager ReloadAssembly
Registering precompiled unity dll's ...
Register platform support module: C:/Program Files/Unity/Hub/Editor/2020.2.7f1/Editor/Data/PlaybackEngines/WindowsStandaloneSupport/UnityEditor.WindowsStandalone.Extensions.dll
Registered in 0.004812 seconds.
Native extension for WindowsStandalone target not found
Refreshing native plugins compatible for Editor in 87.57 ms, found 0 plugins.
Preloading 0 native plugins for Editor in 0.00 ms.
Invoked RoslynAnalysisRunner static constructor.
RoslynAnalysisRunner will not be running.
RoslynAnalysisRunner has terminated.
Mono: successfully reloaded assembly
- Completed reload, in  4.200 seconds
Platform modules already initialized, skipping
Registering precompiled user dll's ...
Registered in 0.007297 seconds.
Begin MonoManager ReloadAssembly
Native extension for WindowsStandalone target not found
Refreshing native plugins compatible for Editor in 0.86 ms, found 0 plugins.
Preloading 0 native plugins for Editor in 0.00 ms.
Invoked RoslynAnalysisRunner static constructor.
RoslynAnalysisRunner will not be running.
RoslynAnalysisRunner has terminated.
Mono: successfully reloaded assembly
- Completed reload, in  1.599 seconds
Platform modules already initialized, skipping
========================================================================
Worker process is ready to serve import requests
Launched and connected shader compiler UnityShaderCompiler.exe after 0.08 seconds
Refreshing native plugins compatible for Editor in 0.78 ms, found 0 plugins.
Preloading 0 native plugins for Editor in 0.00 ms.
Unloading 1623 Unused Serialized files (Serialized files now loaded: 0)
System memory in use before: 149.5 MB.
System memory in use after: 149.5 MB.

Unloading 36 unused Assets to reduce memory usage. Loaded Objects now: 2057.
Total: 2.957700 ms (FindLiveObjects: 0.401500 ms CreateObjectMapping: 0.102300 ms MarkObjects: 2.267200 ms  DeleteObjects: 0.184800 ms)

========================================================================
Received Import Request.
  path: Assets/Gizmos
  artifactKey: Guid(78109d2a419166245a5419f7798874c2) Importer(815301076,1909f56bfc062723c751e8b465ee728b)
Start importing Assets/Gizmos using Guid(78109d2a419166245a5419f7798874c2) Importer(815301076,1909f56bfc062723c751e8b465ee728b)  -> (artifact id: '1acc6ef7d150f5a3e251280f31cfe656') in 0.008832 seconds
  Import took 0.012766 seconds .

========================================================================
Received Import Request.
  Time since last request: 2.029282 seconds.
  path: Assets/Scripts/GameEnding.cs
  artifactKey: Guid(6d04c4380f7bd1a4c911dd2b9d78630d) Importer(815301076,1909f56bfc062723c751e8b465ee728b)
Start importing Assets/Scripts/GameEnding.cs using Guid(6d04c4380f7bd1a4c911dd2b9d78630d) Importer(815301076,1909f56bfc062723c751e8b465ee728b)  -> (artifact id: 'ac740bb232ce7e4a592be13f0f1bd49c') in 0.066031 seconds
  Import took 0.070089 seconds .

========================================================================
Received Prepare
Registering precompiled user dll's ...
Registered in 0.008681 seconds.
Begin MonoManager ReloadAssembly
Native extension for WindowsStandalone target not found
Refreshing native plugins compatible for Editor in 0.83 ms, found 0 plugins.
Preloading 0 native plugins for Editor in 0.00 ms.
Invoked RoslynAnalysisRunner static constructor.
RoslynAnalysisRunner will not be running.
RoslynAnalysisRunner has terminated.
Mono: successfully reloaded assembly
- Completed reload, in  1.973 seconds
Platform modules already initialized, skipping
Refreshing native plugins compatible for Editor in 0.84 ms, found 0 plugins.
Preloading 0 native plugins for Editor in 0.00 ms.
Unloading 1587 Unused Serialized files (Serialized files now loaded: 0)
System memory in use before: 147.1 MB.
System memory in use after: 147.2 MB.

Unloading 27 unused Assets to reduce memory usage. Loaded Objects now: 2061.
Total: 3.423400 ms (FindLiveObjects: 0.433200 ms CreateObjectMapping: 0.105200 ms MarkObjects: 2.758900 ms  DeleteObjects: 0.123100 ms)

========================================================================
Received Prepare
Registering precompiled user dll's ...
Registered in 0.008091 seconds.
Begin MonoManager ReloadAssembly
Native extension for WindowsStandalone target not found
Refreshing native plugins compatible for Editor in 0.95 ms, found 0 plugins.
Preloading 0 native plugins for Editor in 0.00 ms.
Invoked RoslynAnalysisRunner static constructor.
RoslynAnalysisRunner will not be running.
RoslynAnalysisRunner has terminated.
Mono: successfully reloaded assembly
- Completed reload, in  2.060 seconds
Platform modules already initialized, skipping
Refreshing native plugins compatible for Editor in 0.87 ms, found 0 plugins.
Preloading 0 native plugins for Editor in 0.00 ms.
Unloading 1586 Unused Serialized files (Serialized files now loaded: 0)
System memory in use before: 147.1 MB.
System memory in use after: 147.2 MB.

Unloading 27 unused Assets to reduce memory usage. Loaded Objects now: 2064.
Total: 3.378700 ms (FindLiveObjects: 0.490100 ms CreateObjectMapping: 0.096500 ms MarkObjects: 2.663100 ms  DeleteObjects: 0.125700 ms)

========================================================================
Received Prepare
Registering precompiled user dll's ...
Registered in 0.007227 seconds.
Begin MonoManager ReloadAssembly
Native extension for WindowsStandalone target not found
Refreshing native plugins compatible for Editor in 1.00 ms, found 0 plugins.
Preloading 0 native plugins for Editor in 0.00 ms.
Invoked RoslynAnalysisRunner static constructor.
RoslynAnalysisRunner will not be running.
RoslynAnalysisRunner has terminated.
Mono: successfully reloaded assembly
- Completed reload, in  1.982 seconds
Platform modules already initialized, skipping
Refreshing native plugins compatible for Editor in 0.86 ms, found 0 plugins.
Preloading 0 native plugins for Editor in 0.00 ms.
Unloading 1586 Unused Serialized files (Serialized files now loaded: 0)
System memory in use before: 147.1 MB.
System memory in use after: 147.2 MB.

Unloading 27 unused Assets to reduce memory usage. Loaded Objects now: 2067.
Total: 3.007800 ms (FindLiveObjects: 0.363700 ms CreateObjectMapping: 0.097000 ms MarkObjects: 2.405200 ms  DeleteObjects: 0.139600 ms)

========================================================================
Received Import Request.
  Time since last request: 2241.457036 seconds.
  path: Assets/Scripts/GameEnding.cs
  artifactKey: Guid(6d04c4380f7bd1a4c911dd2b9d78630d) Importer(815301076,1909f56bfc062723c751e8b465ee728b)
Start importing Assets/Scripts/GameEnding.cs using Guid(6d04c4380f7bd1a4c911dd2b9d78630d) Importer(815301076,1909f56bfc062723c751e8b465ee728b)  -> (artifact id: '396ba08577efec70aae162e6988c7b6c') in 0.007574 seconds
  Import took 0.012256 seconds .

========================================================================
Received Prepare
Registering precompiled user dll's ...
Registered in 0.008514 seconds.
Begin MonoManager ReloadAssembly
Native extension for WindowsStandalone target not found
Refreshing native plugins compatible for Editor in 0.85 ms, found 0 plugins.
Preloading 0 native plugins for Editor in 0.00 ms.
Invoked RoslynAnalysisRunner static constructor.
RoslynAnalysisRunner will not be running.
RoslynAnalysisRunner has terminated.
Mono: successfully reloaded assembly
- Completed reload, in  2.498 seconds
Platform modules already initialized, skipping
Refreshing native plugins compatible for Editor in 0.85 ms, found 0 plugins.
Preloading 0 native plugins for Editor in 0.00 ms.
Unloading 1586 Unused Serialized files (Serialized files now loaded: 0)
System memory in use before: 147.2 MB.
System memory in use after: 147.3 MB.

Unloading 27 unused Assets to reduce memory usage. Loaded Objects now: 2070.
Total: 3.046900 ms (FindLiveObjects: 0.361800 ms CreateObjectMapping: 0.088500 ms MarkObjects: 2.474000 ms  DeleteObjects: 0.119800 ms)

========================================================================
Received Import Request.
  Time since last request: 211.905677 seconds.
  path: Assets/Scripts/GameEnding.cs
  artifactKey: Guid(6d04c4380f7bd1a4c911dd2b9d78630d) Importer(815301076,1909f56bfc062723c751e8b465ee728b)
Start importing Assets/Scripts/GameEnding.cs using Guid(6d04c4380f7bd1a4c911dd2b9d78630d) Importer(815301076,1909f56bfc062723c751e8b465ee728b)  -> (artifact id: 'a22f6642e8c0c6557aaa88a401db121b') in 0.013457 seconds
  Import took 0.018213 seconds .

========================================================================
Received Prepare
Registering precompiled user dll's ...
Registered in 0.010538 seconds.
Begin MonoManager ReloadAssembly
Native extension for WindowsStandalone target not found
Refreshing native plugins compatible for Editor in 0.84 ms, found 0 plugins.
Preloading 0 native plugins for Editor in 0.00 ms.
Invoked RoslynAnalysisRunner static constructor.
RoslynAnalysisRunner will not be running.
RoslynAnalysisRunner has terminated.
Mono: successfully reloaded assembly
- Completed reload, in  2.395 seconds
Platform modules already initialized, skipping
Refreshing native plugins compatible for Editor in 2.38 ms, found 0 plugins.
Preloading 0 native plugins for Editor in 0.00 ms.
Unloading 1586 Unused Serialized files (Serialized files now loaded: 0)
System memory in use before: 147.2 MB.
System memory in use after: 147.3 MB.

Unloading 27 unused Assets to reduce memory usage. Loaded Objects now: 2073.
Total: 4.258800 ms (FindLiveObjects: 0.504800 ms CreateObjectMapping: 0.289500 ms MarkObjects: 3.332800 ms  DeleteObjects: 0.129100 ms)

========================================================================
Received Import Request.
  Time since last request: 1800.828338 seconds.
  path: Assets/Prefabs/Gargoyle.prefab
  artifactKey: Guid(b6af930d3bd8dd0489da3f8f95efa61e) Importer(815301076,1909f56bfc062723c751e8b465ee728b)
Start importing Assets/Prefabs/Gargoyle.prefab using Guid(b6af930d3bd8dd0489da3f8f95efa61e) Importer(815301076,1909f56bfc062723c751e8b465ee728b)  -> (artifact id: 'd531203fff3b5dd377f9ad28a6e945a8') in 0.228289 seconds
  Import took 0.235592 seconds .

========================================================================
Received Import Request.
  Time since last request: 5.124475 seconds.
  path: Assets/Prefabs/Ghost.prefab
  artifactKey: Guid(72171d4f04f691a40a4cc6209260b88f) Importer(815301076,1909f56bfc062723c751e8b465ee728b)
Start importing Assets/Prefabs/Ghost.prefab using Guid(72171d4f04f691a40a4cc6209260b88f) Importer(815301076,1909f56bfc062723c751e8b465ee728b)  -> (artifact id: '0e103f622e998f94a200b0cbf9d0db03') in 0.538526 seconds
  Import took 0.543142 seconds .

========================================================================
Received Import Request.
  Time since last request: 12.611536 seconds.
  path: Assets/Prefabs/Ghost.prefab
  artifactKey: Guid(72171d4f04f691a40a4cc6209260b88f) Importer(815301076,1909f56bfc062723c751e8b465ee728b)
Start importing Assets/Prefabs/Ghost.prefab using Guid(72171d4f04f691a40a4cc6209260b88f) Importer(815301076,1909f56bfc062723c751e8b465ee728b)  -> (artifact id: 'c8dec05aaff4c20dc645fd062add60db') in 0.061398 seconds
  Import took 0.068026 seconds .

========================================================================
Received Import Request.
  Time since last request: 76.639908 seconds.
  path: Assets/Animation/Animators/Ghost.controller
  artifactKey: Guid(e915e44189fec714e8d1bcd2b9eba671) Importer(815301076,1909f56bfc062723c751e8b465ee728b)
Start importing Assets/Animation/Animators/Ghost.controller using Guid(e915e44189fec714e8d1bcd2b9eba671) Importer(815301076,1909f56bfc062723c751e8b465ee728b)  -> (artifact id: 'e6605caa7d6608f802fcfe754f0f0b77') in 0.015178 seconds
  Import took 0.020830 seconds .

========================================================================
Received Prepare
Registering precompiled user dll's ...
Registered in 0.010933 seconds.
Begin MonoManager ReloadAssembly
Native extension for WindowsStandalone target not found
Refreshing native plugins compatible for Editor in 0.84 ms, found 0 plugins.
Preloading 0 native plugins for Editor in 0.00 ms.
Invoked RoslynAnalysisRunner static constructor.
RoslynAnalysisRunner will not be running.
RoslynAnalysisRunner has terminated.
Mono: successfully reloaded assembly
- Completed reload, in  2.079 seconds
Platform modules already initialized, skipping
Refreshing native plugins compatible for Editor in 0.84 ms, found 0 plugins.
Preloading 0 native plugins for Editor in 0.00 ms.
Unloading 1586 Unused Serialized files (Serialized files now loaded: 0)
System memory in use before: 150.3 MB.
System memory in use after: 150.4 MB.

Unloading 27 unused Assets to reduce memory usage. Loaded Objects now: 2083.
Total: 2.956900 ms (FindLiveObjects: 0.355200 ms CreateObjectMapping: 0.087800 ms MarkObjects: 2.399500 ms  DeleteObjects: 0.112400 ms)

========================================================================
Received Import Request.
  Time since last request: 443.235538 seconds.
  path: Assets/Prefabs/Gargoyle.prefab
  artifactKey: Guid(b6af930d3bd8dd0489da3f8f95efa61e) Importer(815301076,1909f56bfc062723c751e8b465ee728b)
Start importing Assets/Prefabs/Gargoyle.prefab using Guid(b6af930d3bd8dd0489da3f8f95efa61e) Importer(815301076,1909f56bfc062723c751e8b465ee728b)  -> (artifact id: '28f1e08f339c66120b0a3deec99571df') in 0.148572 seconds
  Import took 0.153914 seconds .

========================================================================
Received Import Request.
  Time since last request: 0.000642 seconds.
  path: Assets/Prefabs/PointOfView.prefab
  artifactKey: Guid(7a186a6cf93b0e9498ca3fb76a3f25fe) Importer(815301076,1909f56bfc062723c751e8b465ee728b)
Start importing Assets/Prefabs/PointOfView.prefab using Guid(7a186a6cf93b0e9498ca3fb76a3f25fe) Importer(815301076,1909f56bfc062723c751e8b465ee728b)  -> (artifact id: '621f9fa6861688e99a1e118d7df7b604') in 0.010975 seconds
  Import took 0.019569 seconds .

========================================================================
Received Import Request.
  Time since last request: 39.293265 seconds.
  path: Assets/Prefabs/Ghost.prefab
  artifactKey: Guid(72171d4f04f691a40a4cc6209260b88f) Importer(815301076,1909f56bfc062723c751e8b465ee728b)
Start importing Assets/Prefabs/Ghost.prefab using Guid(72171d4f04f691a40a4cc6209260b88f) Importer(815301076,1909f56bfc062723c751e8b465ee728b)  -> (artifact id: '611336a30039319edf283e11d4d7d919') in 0.031054 seconds
  Import took 0.039554 seconds .

========================================================================
Received Import Request.
  Time since last request: 39.974122 seconds.
  path: Assets/Prefabs/Ghost.prefab
  artifactKey: Guid(72171d4f04f691a40a4cc6209260b88f) Importer(815301076,1909f56bfc062723c751e8b465ee728b)
Start importing Assets/Prefabs/Ghost.prefab using Guid(72171d4f04f691a40a4cc6209260b88f) Importer(815301076,1909f56bfc062723c751e8b465ee728b)  -> (artifact id: '80d68bd75f6383fddded86e512906c91') in 0.037855 seconds
  Import took 0.049203 seconds .

========================================================================
Received Import Request.
  Time since last request: 3.931489 seconds.
  path: Assets/Prefabs/Ghost.prefab
  artifactKey: Guid(72171d4f04f691a40a4cc6209260b88f) Importer(815301076,1909f56bfc062723c751e8b465ee728b)
Start importing Assets/Prefabs/Ghost.prefab using Guid(72171d4f04f691a40a4cc6209260b88f) Importer(815301076,1909f56bfc062723c751e8b465ee728b)  -> (artifact id: 'd608ee3930809517bcd575f9c5943ed0') in 0.043634 seconds
  Import took 0.048958 seconds .

========================================================================
Received Prepare
Registering precompiled user dll's ...
Registered in 0.010137 seconds.
Begin MonoManager ReloadAssembly
Native extension for WindowsStandalone target not found
Refreshing native plugins compatible for Editor in 0.89 ms, found 0 plugins.
Preloading 0 native plugins for Editor in 0.00 ms.
Invoked RoslynAnalysisRunner static constructor.
RoslynAnalysisRunner will not be running.
RoslynAnalysisRunner has terminated.
Mono: successfully reloaded assembly
- Completed reload, in  1.990 seconds
Platform modules already initialized, skipping
Refreshing native plugins compatible for Editor in 0.87 ms, found 0 plugins.
Preloading 0 native plugins for Editor in 0.00 ms.
Unloading 1586 Unused Serialized files (Serialized files now loaded: 0)
System memory in use before: 150.3 MB.
System memory in use after: 150.4 MB.

Unloading 27 unused Assets to reduce memory usage. Loaded Objects now: 2087.
Total: 3.106300 ms (FindLiveObjects: 0.365600 ms CreateObjectMapping: 0.090900 ms MarkObjects: 2.527200 ms  DeleteObjects: 0.119500 ms)

========================================================================
Received Import Request.
  Time since last request: 185.897869 seconds.
  path: Assets/Prefabs/Ghost.prefab
  artifactKey: Guid(72171d4f04f691a40a4cc6209260b88f) Importer(815301076,1909f56bfc062723c751e8b465ee728b)
Start importing Assets/Prefabs/Ghost.prefab using Guid(72171d4f04f691a40a4cc6209260b88f) Importer(815301076,1909f56bfc062723c751e8b465ee728b)  -> (artifact id: '32956c75419ade5eb9a574719b99ab95') in 0.102290 seconds
  Import took 0.108363 seconds .

========================================================================
Received Prepare
Registering precompiled user dll's ...
Registered in 0.009881 seconds.
Begin MonoManager ReloadAssembly
Native extension for WindowsStandalone target not found
Refreshing native plugins compatible for Editor in 0.81 ms, found 0 plugins.
Preloading 0 native plugins for Editor in 0.00 ms.
Invoked RoslynAnalysisRunner static constructor.
RoslynAnalysisRunner will not be running.
RoslynAnalysisRunner has terminated.
Mono: successfully reloaded assembly
- Completed reload, in  2.209 seconds
Platform modules already initialized, skipping
Refreshing native plugins compatible for Editor in 0.88 ms, found 0 plugins.
Preloading 0 native plugins for Editor in 0.00 ms.
Unloading 1586 Unused Serialized files (Serialized files now loaded: 0)
System memory in use before: 150.4 MB.
System memory in use after: 150.5 MB.

Unloading 27 unused Assets to reduce memory usage. Loaded Objects now: 2091.
Total: 6.276400 ms (FindLiveObjects: 2.670100 ms CreateObjectMapping: 0.516500 ms MarkObjects: 2.974300 ms  DeleteObjects: 0.113200 ms)

========================================================================
Received Import Request.
  Time since last request: 98.369440 seconds.
  path: Assets/Prefabs/Ghost.prefab
  artifactKey: Guid(72171d4f04f691a40a4cc6209260b88f) Importer(815301076,1909f56bfc062723c751e8b465ee728b)
Start importing Assets/Prefabs/Ghost.prefab using Guid(72171d4f04f691a40a4cc6209260b88f) Importer(815301076,1909f56bfc062723c751e8b465ee728b) The Animator Controller (Ghost) you have used is not valid. Animations will not play
UnityEngine.StackTraceUtility:ExtractStackTrace ()
UnityEditor.EditorUtility:Internal_InstantiateRemoveAllNonAnimationComponentsSingle (UnityEngine.Object,UnityEngine.Vector3,UnityEngine.Quaternion)
UnityEditor.EditorUtility:InstantiateRemoveAllNonAnimationComponents (UnityEngine.Object,UnityEngine.Vector3,UnityEngine.Quaternion)
UnityEditor.EditorUtility:InstantiateForAnimatorPreview (UnityEngine.Object)
UnityEditor.GameObjectInspector/PreviewData:UpdateGameObject (UnityEngine.Object)
UnityEditor.GameObjectInspector/PreviewData:.ctor (UnityEngine.Object)
UnityEditor.GameObjectInspector:GetPreviewData ()
UnityEditor.GameObjectInspector:RenderStaticPreview (string,UnityEngine.Object[],int,int)
UnityEditor.AssetPreviewUpdater:CreatePreviewForAsset (UnityEngine.Object,UnityEngine.Object[],string)

[C:\buildslave\unity\build\Modules/Animation/Director/AnimatorControllerPlayable.cpp line 332]

The Animator Controller (Ghost) you have used is not valid. Animations will not play
UnityEngine.StackTraceUtility:ExtractStackTrace ()
UnityEditor.EditorUtility:InitInstantiatedPreviewRecursive (UnityEngine.GameObject)
UnityEditor.EditorUtility:InstantiateForAnimatorPreview (UnityEngine.Object)
UnityEditor.GameObjectInspector/PreviewData:UpdateGameObject (UnityEngine.Object)
UnityEditor.GameObjectInspector/PreviewData:.ctor (UnityEngine.Object)
UnityEditor.GameObjectInspector:GetPreviewData ()
UnityEditor.GameObjectInspector:RenderStaticPreview (string,UnityEngine.Object[],int,int)
UnityEditor.AssetPreviewUpdater:CreatePreviewForAsset (UnityEngine.Object,UnityEngine.Object[],string)

[C:\buildslave\unity\build\Modules/Animation/Director/AnimatorControllerPlayable.cpp line 332]

 -> (artifact id: '0ccc8f4c1831be006f39a5bead8e33be') in 0.117607 seconds
  Import took 0.125460 seconds .

========================================================================
Received Prepare
Registering precompiled user dll's ...
Registered in 0.014280 seconds.
Begin MonoManager ReloadAssembly
Native extension for WindowsStandalone target not found
Refreshing native plugins compatible for Editor in 0.89 ms, found 0 plugins.
Preloading 0 native plugins for Editor in 0.00 ms.
Invoked RoslynAnalysisRunner static constructor.
RoslynAnalysisRunner will not be running.
RoslynAnalysisRunner has terminated.
Mono: successfully reloaded assembly
- Completed reload, in  3.170 seconds
Platform modules already initialized, skipping
Refreshing native plugins compatible for Editor in 0.85 ms, found 0 plugins.
Preloading 0 native plugins for Editor in 0.00 ms.
Unloading 1586 Unused Serialized files (Serialized files now loaded: 0)
System memory in use before: 150.5 MB.
System memory in use after: 150.6 MB.

Unloading 27 unused Assets to reduce memory usage. Loaded Objects now: 2095.
Total: 3.293400 ms (FindLiveObjects: 0.419300 ms CreateObjectMapping: 0.094400 ms MarkObjects: 2.649900 ms  DeleteObjects: 0.127600 ms)

========================================================================
Received Import Request.
  Time since last request: 172.208627 seconds.
  path: Assets/Models/Bedroom
  artifactKey: Guid(9fa3b15a90357f144b5886fc5da85320) Importer(815301076,1909f56bfc062723c751e8b465ee728b)
Start importing Assets/Models/Bedroom using Guid(9fa3b15a90357f144b5886fc5da85320) Importer(815301076,1909f56bfc062723c751e8b465ee728b)  -> (artifact id: '4ba99f43e7afd3a2c6632b0a7cd87a89') in 0.035342 seconds
  Import took 0.039913 seconds .

========================================================================
Received Import Request.
  Time since last request: 0.062217 seconds.
  path: Assets/Models/Bedroom/Bed.FBX
  artifactKey: Guid(eede23dbd9838a3408d728dbd8496a8c) Importer(815301076,1909f56bfc062723c751e8b465ee728b)
Start importing Assets/Models/Bedroom/Bed.FBX using Guid(eede23dbd9838a3408d728dbd8496a8c) Importer(815301076,1909f56bfc062723c751e8b465ee728b)  -> (artifact id: '3fbdf67f93b55a90a08fe17c13796262') in 0.548422 seconds
  Import took 0.552925 seconds .

========================================================================
Received Import Request.
  Time since last request: 0.000610 seconds.
  path: Assets/Models/Bedroom/Wardrobe.fbx
  artifactKey: Guid(0d1a084dedf18a344a48599b075521ec) Importer(815301076,1909f56bfc062723c751e8b465ee728b)
Start importing Assets/Models/Bedroom/Wardrobe.fbx using Guid(0d1a084dedf18a344a48599b075521ec) Importer(815301076,1909f56bfc062723c751e8b465ee728b)  -> (artifact id: '54b14754d611d6646c28552ddb927349') in 0.066776 seconds
  Import took 0.071851 seconds .

========================================================================
Received Import Request.
  Time since last request: 0.000443 seconds.
  path: Assets/Models/Bedroom/Bedside_Table.fbx
  artifactKey: Guid(03826036ee9ac8e4d8ca68be8431cab3) Importer(815301076,1909f56bfc062723c751e8b465ee728b)
Start importing Assets/Models/Bedroom/Bedside_Table.fbx using Guid(03826036ee9ac8e4d8ca68be8431cab3) Importer(815301076,1909f56bfc062723c751e8b465ee728b)  -> (artifact id: '03ccbf4248a94cf5ee6bd2d380388f3a') in 0.049582 seconds
  Import took 0.053937 seconds .

========================================================================
Received Import Request.
  Time since last request: 0.008386 seconds.
  path: Assets/Models/Bedroom/Bedside_Table.fbx
  artifactKey: Guid(03826036ee9ac8e4d8ca68be8431cab3) Importer(815301076,1909f56bfc062723c751e8b465ee728b)
Start importing Assets/Models/Bedroom/Bedside_Table.fbx using Guid(03826036ee9ac8e4d8ca68be8431cab3) Importer(815301076,1909f56bfc062723c751e8b465ee728b)  -> (artifact id: '03ccbf4248a94cf5ee6bd2d380388f3a') in 0.056029 seconds
  Import took 0.060327 seconds .

========================================================================
Received Import Request.
  Time since last request: 3.271996 seconds.
  path: Assets/Models/Bathroom
  artifactKey: Guid(34b60e13536555a41926270186ef04f1) Importer(815301076,1909f56bfc062723c751e8b465ee728b)
Start importing Assets/Models/Bathroom using Guid(34b60e13536555a41926270186ef04f1) Importer(815301076,1909f56bfc062723c751e8b465ee728b)  -> (artifact id: '02a8157e4e7e0257796cc1a758658910') in 0.022803 seconds
  Import took 0.027896 seconds .

========================================================================
Received Import Request.
  Time since last request: 0.015989 seconds.
  path: Assets/Models/Bathroom/BathTub.fbx
  artifactKey: Guid(450fb73028c576343ae0321cd675ac52) Importer(815301076,1909f56bfc062723c751e8b465ee728b)
Start importing Assets/Models/Bathroom/BathTub.fbx using Guid(450fb73028c576343ae0321cd675ac52) Importer(815301076,1909f56bfc062723c751e8b465ee728b)  -> (artifact id: '663d19a45fd7d8e19a3f962c9b6c43a5') in 0.046523 seconds
  Import took 0.051010 seconds .

========================================================================
Received Import Request.
  Time since last request: 0.000400 seconds.
  path: Assets/Models/Bathroom/Mirror.fbx
  artifactKey: Guid(c0a26f31b736dae4a8f2591c0eda0980) Importer(815301076,1909f56bfc062723c751e8b465ee728b)
Start importing Assets/Models/Bathroom/Mirror.fbx using Guid(c0a26f31b736dae4a8f2591c0eda0980) Importer(815301076,1909f56bfc062723c751e8b465ee728b)  -> (artifact id: '8cd9eeccf2b0b363d1411228f256b4b0') in 0.045361 seconds
  Import took 0.050367 seconds .

========================================================================
Received Import Request.
  Time since last request: 0.000111 seconds.
  path: Assets/Models/Bathroom/Sink.fbx
  artifactKey: Guid(29f8732179c306741966fcd26426f55e) Importer(815301076,1909f56bfc062723c751e8b465ee728b)
Start importing Assets/Models/Bathroom/Sink.fbx using Guid(29f8732179c306741966fcd26426f55e) Importer(815301076,1909f56bfc062723c751e8b465ee728b)  -> (artifact id: 'b3aa056387d9525dff6c42d6c4c9e55c') in 0.036469 seconds
  Import took 0.052712 seconds .

========================================================================
Received Import Request.
  Time since last request: 0.000425 seconds.
  path: Assets/Models/Bathroom/Pipe.fbx
  artifactKey: Guid(47e2eca61228faf488b365896acb3218) Importer(815301076,1909f56bfc062723c751e8b465ee728b)
Start importing Assets/Models/Bathroom/Pipe.fbx using Guid(47e2eca61228faf488b365896acb3218) Importer(815301076,1909f56bfc062723c751e8b465ee728b)  -> (artifact id: '38725720463b35481025b5b4bc6932bf') in 0.038040 seconds
  Import took 0.123040 seconds .

========================================================================
Received Import Request.
  Time since last request: 0.000390 seconds.
  path: Assets/Models/Bathroom/Bathtub_Leg.fbx
  artifactKey: Guid(3e66c691a68a4474286320eb7029e026) Importer(815301076,1909f56bfc062723c751e8b465ee728b)
Start importing Assets/Models/Bathroom/Bathtub_Leg.fbx using Guid(3e66c691a68a4474286320eb7029e026) Importer(815301076,1909f56bfc062723c751e8b465ee728b)  -> (artifact id: 'a6516a19412911493b3f465c705f2cd0') in 0.050184 seconds
  Import took 0.055001 seconds .

========================================================================
Received Import Request.
  Time since last request: 0.000246 seconds.
  path: Assets/Models/Bathroom/Radiator.fbx
  artifactKey: Guid(19e3879d616ebf74bbfa7790d48acfad) Importer(815301076,1909f56bfc062723c751e8b465ee728b)
Start importing Assets/Models/Bathroom/Radiator.fbx using Guid(19e3879d616ebf74bbfa7790d48acfad) Importer(815301076,1909f56bfc062723c751e8b465ee728b)  -> (artifact id: '971c984aaf776f5afa22cf9262626d9f') in 0.053414 seconds
  Import took 0.058075 seconds .

========================================================================
Received Import Request.
  Time since last request: 5.548757 seconds.
  path: Assets/Models/Corridor
  artifactKey: Guid(5705412ea30b1c54ea1d7209b6041e2f) Importer(815301076,1909f56bfc062723c751e8b465ee728b)
Start importing Assets/Models/Corridor using Guid(5705412ea30b1c54ea1d7209b6041e2f) Importer(815301076,1909f56bfc062723c751e8b465ee728b)  -> (artifact id: '1153820861903e3fec4f89f05781ca98') in 0.031814 seconds
  Import took 0.035871 seconds .

========================================================================
Received Import Request.
  Time since last request: 0.082880 seconds.
  path: Assets/Models/Corridor/CeilingPlane.fbx
  artifactKey: Guid(4aa23393587d7204bbc9f4a30599bf61) Importer(815301076,1909f56bfc062723c751e8b465ee728b)
Start importing Assets/Models/Corridor/CeilingPlane.fbx using Guid(4aa23393587d7204bbc9f4a30599bf61) Importer(815301076,1909f56bfc062723c751e8b465ee728b)  -> (artifact id: '00a992060fdcf9b21a1a2a8cad24e39b') in 0.414216 seconds
  Import took 0.419198 seconds .

========================================================================
Received Import Request.
  Time since last request: 0.000406 seconds.
  path: Assets/Models/Corridor/PictureFrame_Wolf.FBX
  artifactKey: Guid(16359bd0c00e50e4580e93430782bac3) Importer(815301076,1909f56bfc062723c751e8b465ee728b)
Start importing Assets/Models/Corridor/PictureFrame_Wolf.FBX using Guid(16359bd0c00e50e4580e93430782bac3) Importer(815301076,1909f56bfc062723c751e8b465ee728b)  -> (artifact id: 'cc499815f9ccf3171882ec279fc8257b') in 0.052298 seconds
  Import took 0.056866 seconds .

========================================================================
Received Import Request.
  Time since last request: 0.000492 seconds.
  path: Assets/Models/Corridor/Rug_Corridor.FBX
  artifactKey: Guid(16117d52108da314aaa138a6a9144186) Importer(815301076,1909f56bfc062723c751e8b465ee728b)
Start importing Assets/Models/Corridor/Rug_Corridor.FBX using Guid(16117d52108da314aaa138a6a9144186) Importer(815301076,1909f56bfc062723c751e8b465ee728b)  -> (artifact id: 'caaef61ec30bb3741c67936518650527') in 0.046323 seconds
  Import took 0.050708 seconds .

========================================================================
Received Import Request.
  Time since last request: 0.000361 seconds.
  path: Assets/Models/Corridor/EndPost.FBX
  artifactKey: Guid(edf38c584e65ce74790703fba4fc33e4) Importer(815301076,1909f56bfc062723c751e8b465ee728b)
Start importing Assets/Models/Corridor/EndPost.FBX using Guid(edf38c584e65ce74790703fba4fc33e4) Importer(815301076,1909f56bfc062723c751e8b465ee728b)  -> (artifact id: 'ec9f9c04f7914637972a67bed7e1b024') in 0.048092 seconds
  Import took 0.052444 seconds .

========================================================================
Received Import Request.
  Time since last request: 0.000481 seconds.
  path: Assets/Models/Corridor/Wall_Window_02.fbx
  artifactKey: Guid(5d88d553abd2ff741bbd24e9fb2ff861) Importer(815301076,1909f56bfc062723c751e8b465ee728b)
Start importing Assets/Models/Corridor/Wall_Window_02.fbx using Guid(5d88d553abd2ff741bbd24e9fb2ff861) Importer(815301076,1909f56bfc062723c751e8b465ee728b)  -> (artifact id: '2674774b9c15106cf54d5ad770c42eb4') in 0.063741 seconds
  Import took 0.068084 seconds .

========================================================================
Received Import Request.
  Time since last request: 0.000399 seconds.
  path: Assets/Models/Corridor/Wall_Windows_Straight.fbx
  artifactKey: Guid(1a07ed1dbd440384c89497a167bde353) Importer(815301076,1909f56bfc062723c751e8b465ee728b)
Start importing Assets/Models/Corridor/Wall_Windows_Straight.fbx using Guid(1a07ed1dbd440384c89497a167bde353) Importer(815301076,1909f56bfc062723c751e8b465ee728b)  -> (artifact id: '52de25305a25aef7f5ba79ac21554e60') in 0.056044 seconds
  Import took 0.060727 seconds .

========================================================================
Received Import Request.
  Time since last request: 0.000384 seconds.
  path: Assets/Models/Corridor/Wall_Window_01.fbx
  artifactKey: Guid(2ab013d357382c5429b04e925bca86c9) Importer(815301076,1909f56bfc062723c751e8b465ee728b)
Start importing Assets/Models/Corridor/Wall_Window_01.fbx using Guid(2ab013d357382c5429b04e925bca86c9) Importer(815301076,1909f56bfc062723c751e8b465ee728b)  -> (artifact id: 'd51dfe1c8329e90ec6ed8f5ec90d971b') in 0.116294 seconds
  Import took 0.121666 seconds .

========================================================================
Received Import Request.
  Time since last request: 0.000403 seconds.
  path: Assets/Models/Corridor/PictureFrame_CatLady.FBX
  artifactKey: Guid(913d61a5ca2d96d43ba1c709260d55a7) Importer(815301076,1909f56bfc062723c751e8b465ee728b)
Start importing Assets/Models/Corridor/PictureFrame_CatLady.FBX using Guid(913d61a5ca2d96d43ba1c709260d55a7) Importer(815301076,1909f56bfc062723c751e8b465ee728b)  -> (artifact id: '9d113e65321a65190d23428a88f59527') in 0.043207 seconds
  Import took 0.048297 seconds .

========================================================================
Received Import Request.
  Time since last request: 0.000500 seconds.
  path: Assets/Models/Corridor/Light.FBX
  artifactKey: Guid(fc0082b7f28474047b0d08e22d9a0a06) Importer(815301076,1909f56bfc062723c751e8b465ee728b)
Start importing Assets/Models/Corridor/Light.FBX using Guid(fc0082b7f28474047b0d08e22d9a0a06) Importer(815301076,1909f56bfc062723c751e8b465ee728b)  -> (artifact id: '48a067907c981ede30492cd58057b021') in 0.058418 seconds
  Import took 0.062656 seconds .

========================================================================
Received Import Request.
  Time since last request: 0.000422 seconds.
  path: Assets/Models/Corridor/Wall_Corner_Interior.fbx
  artifactKey: Guid(9da5aa368549f3e4883e3ca4b3ed05b8) Importer(815301076,1909f56bfc062723c751e8b465ee728b)
Start importing Assets/Models/Corridor/Wall_Corner_Interior.fbx using Guid(9da5aa368549f3e4883e3ca4b3ed05b8) Importer(815301076,1909f56bfc062723c751e8b465ee728b)  -> (artifact id: 'e563945fa68200c932a05c3c756d498d') in 0.041421 seconds
  Import took 0.045787 seconds .

========================================================================
Received Import Request.
  Time since last request: 0.000435 seconds.
  path: Assets/Models/Corridor/Door.FBX
  artifactKey: Guid(4f50f81dc956a044fa3c905056d1cc4d) Importer(815301076,1909f56bfc062723c751e8b465ee728b)
Start importing Assets/Models/Corridor/Door.FBX using Guid(4f50f81dc956a044fa3c905056d1cc4d) Importer(815301076,1909f56bfc062723c751e8b465ee728b)  -> (artifact id: '434d522342662679dd875c1d9d158a10') in 0.029454 seconds
  Import took 0.034738 seconds .

========================================================================
Received Import Request.
  Time since last request: 0.000519 seconds.
  path: Assets/Models/Corridor/PictureFrame_GhostMan.FBX
  artifactKey: Guid(ff679918594d2cb44996e920ec16ca62) Importer(815301076,1909f56bfc062723c751e8b465ee728b)
Start importing Assets/Models/Corridor/PictureFrame_GhostMan.FBX using Guid(ff679918594d2cb44996e920ec16ca62) Importer(815301076,1909f56bfc062723c751e8b465ee728b)  -> (artifact id: '270ed3db0c29099bdf85b5223076d097') in 0.036042 seconds
  Import took 0.040303 seconds .

========================================================================
Received Import Request.
  Time since last request: 0.000361 seconds.
  path: Assets/Models/Corridor/Wall_Straight_Exterior_01.fbx
  artifactKey: Guid(1d270d22136a7e64eabcf39aaaedb613) Importer(815301076,1909f56bfc062723c751e8b465ee728b)
Start importing Assets/Models/Corridor/Wall_Straight_Exterior_01.fbx using Guid(1d270d22136a7e64eabcf39aaaedb613) Importer(815301076,1909f56bfc062723c751e8b465ee728b)  -> (artifact id: 'f34875e039e2730c74914e7351fd3ee7') in 0.036701 seconds
  Import took 0.041521 seconds .

========================================================================
Received Import Request.
  Time since last request: 0.000400 seconds.
  path: Assets/Models/Corridor/FloorPlane.fbx
  artifactKey: Guid(79ec22444806b2e4dafc0b51ad057fa1) Importer(815301076,1909f56bfc062723c751e8b465ee728b)
Start importing Assets/Models/Corridor/FloorPlane.fbx using Guid(79ec22444806b2e4dafc0b51ad057fa1) Importer(815301076,1909f56bfc062723c751e8b465ee728b)  -> (artifact id: 'dbef2282e4ff2ba7de05b85a1fb9fdc3') in 0.038300 seconds
  Import took 0.042932 seconds .

========================================================================
Received Import Request.
  Time since last request: 0.000199 seconds.
  path: Assets/Models/Corridor/Wall_Proto.fbx
  artifactKey: Guid(b65c279af989311408555e47592fb528) Importer(815301076,1909f56bfc062723c751e8b465ee728b)
Start importing Assets/Models/Corridor/Wall_Proto.fbx using Guid(b65c279af989311408555e47592fb528) Importer(815301076,1909f56bfc062723c751e8b465ee728b)  -> (artifact id: '2075457721b447588dd9f75386e0861f') in 0.036664 seconds
  Import took 0.042014 seconds .

========================================================================
Received Import Request.
  Time since last request: 0.000655 seconds.
  path: Assets/Models/Corridor/Wall_Straight_Exterior_03.fbx
  artifactKey: Guid(c11d870118a768c4e9205040e2d8503b) Importer(815301076,1909f56bfc062723c751e8b465ee728b)
Start importing Assets/Models/Corridor/Wall_Straight_Exterior_03.fbx using Guid(c11d870118a768c4e9205040e2d8503b) Importer(815301076,1909f56bfc062723c751e8b465ee728b)  -> (artifact id: '7ed66b58fa5b8ff31b283e7eba333f0d') in 0.036913 seconds
  Import took 0.043647 seconds .

========================================================================
Received Import Request.
  Time since last request: 0.000438 seconds.
  path: Assets/Models/Corridor/Wall_Straight_Exterior_02.fbx
  artifactKey: Guid(6a0625cedbf7c6c4c8b9c31e537a9403) Importer(815301076,1909f56bfc062723c751e8b465ee728b)
Start importing Assets/Models/Corridor/Wall_Straight_Exterior_02.fbx using Guid(6a0625cedbf7c6c4c8b9c31e537a9403) Importer(815301076,1909f56bfc062723c751e8b465ee728b)  -> (artifact id: 'c203c9b0a520e96b0687327965f5296b') in 0.032970 seconds
  Import took 0.039562 seconds .

========================================================================
Received Import Request.
  Time since last request: 0.000370 seconds.
  path: Assets/Models/Corridor/PictureFrame_MrMan.FBX
  artifactKey: Guid(2a56ae9ef7aa4654a96f73bda9a4c2c6) Importer(815301076,1909f56bfc062723c751e8b465ee728b)
Start importing Assets/Models/Corridor/PictureFrame_MrMan.FBX using Guid(2a56ae9ef7aa4654a96f73bda9a4c2c6) Importer(815301076,1909f56bfc062723c751e8b465ee728b)  -> (artifact id: '1ab692ff69a560cb172c107fd2e494a9') in 0.028487 seconds
  Import took 0.034923 seconds .

========================================================================
Received Import Request.
  Time since last request: 0.000369 seconds.
  path: Assets/Models/Corridor/PictureFrame_StraightThin.FBX
  artifactKey: Guid(2de78e17331d71b49bd26432f0301b13) Importer(815301076,1909f56bfc062723c751e8b465ee728b)
Start importing Assets/Models/Corridor/PictureFrame_StraightThin.FBX using Guid(2de78e17331d71b49bd26432f0301b13) Importer(815301076,1909f56bfc062723c751e8b465ee728b)  -> (artifact id: '5716b2485aeee0b561c86de4403f6b8a') in 0.031975 seconds
  Import took 0.038575 seconds .

========================================================================
Received Import Request.
  Time since last request: 0.000467 seconds.
  path: Assets/Models/Corridor/Wall_Straight_Exterior_04.fbx
  artifactKey: Guid(cb016b5198f6c0f488522ffdfe7f2cd0) Importer(815301076,1909f56bfc062723c751e8b465ee728b)
Start importing Assets/Models/Corridor/Wall_Straight_Exterior_04.fbx using Guid(cb016b5198f6c0f488522ffdfe7f2cd0) Importer(815301076,1909f56bfc062723c751e8b465ee728b)  -> (artifact id: '53ff0841c7d1ce5ef0645ff2a8581512') in 0.034086 seconds
  Import took 0.038407 seconds .

========================================================================
Received Import Request.
  Time since last request: 0.000433 seconds.
  path: Assets/Models/Corridor/PictureFrame_Curvy.FBX
  artifactKey: Guid(5fc70289fcf1df046a32d969758ff20c) Importer(815301076,1909f56bfc062723c751e8b465ee728b)
Start importing Assets/Models/Corridor/PictureFrame_Curvy.FBX using Guid(5fc70289fcf1df046a32d969758ff20c) Importer(815301076,1909f56bfc062723c751e8b465ee728b)  -> (artifact id: '707d0f2fd986d1da93af13e6d6a95aa4') in 0.034379 seconds
  Import took 0.038885 seconds .

========================================================================
Received Prepare
Registering precompiled user dll's ...
Registered in 0.010551 seconds.
Begin MonoManager ReloadAssembly
Native extension for WindowsStandalone target not found
Refreshing native plugins compatible for Editor in 1.11 ms, found 0 plugins.
Preloading 0 native plugins for Editor in 0.00 ms.
Invoked RoslynAnalysisRunner static constructor.
RoslynAnalysisRunner will not be running.
RoslynAnalysisRunner has terminated.
Mono: successfully reloaded assembly
- Completed reload, in  3.078 seconds
Platform modules already initialized, skipping
Refreshing native plugins compatible for Editor in 0.83 ms, found 0 plugins.
Preloading 0 native plugins for Editor in 0.00 ms.
Unloading 1586 Unused Serialized files (Serialized files now loaded: 0)
System memory in use before: 151.0 MB.
System memory in use after: 151.1 MB.

Unloading 27 unused Assets to reduce memory usage. Loaded Objects now: 2135.
Total: 5.020300 ms (FindLiveObjects: 0.424400 ms CreateObjectMapping: 0.106500 ms MarkObjects: 4.320100 ms  DeleteObjects: 0.166600 ms)

========================================================================
Received Prepare
Registering precompiled user dll's ...
Registered in 0.008617 seconds.
Begin MonoManager ReloadAssembly
Native extension for WindowsStandalone target not found
Refreshing native plugins compatible for Editor in 0.84 ms, found 0 plugins.
Preloading 0 native plugins for Editor in 0.00 ms.
Invoked RoslynAnalysisRunner static constructor.
RoslynAnalysisRunner will not be running.
RoslynAnalysisRunner has terminated.
Mono: successfully reloaded assembly
- Completed reload, in  2.092 seconds
Platform modules already initialized, skipping
Refreshing native plugins compatible for Editor in 0.87 ms, found 0 plugins.
Preloading 0 native plugins for Editor in 0.00 ms.
Unloading 1586 Unused Serialized files (Serialized files now loaded: 0)
System memory in use before: 151.0 MB.
System memory in use after: 151.1 MB.

Unloading 27 unused Assets to reduce memory usage. Loaded Objects now: 2138.
Total: 3.446700 ms (FindLiveObjects: 0.365400 ms CreateObjectMapping: 0.084200 ms MarkObjects: 2.863500 ms  DeleteObjects: 0.131200 ms)

========================================================================
Received Import Request.
  Time since last request: 813.733418 seconds.
  path: Assets/Shaders
  artifactKey: Guid(45488f1b5d87a2f4197b11c01e63e244) Importer(815301076,1909f56bfc062723c751e8b465ee728b)
Start importing Assets/Shaders using Guid(45488f1b5d87a2f4197b11c01e63e244) Importer(815301076,1909f56bfc062723c751e8b465ee728b)  -> (artifact id: 'cd789864aded35a7618cad06bd9d0dbc') in 0.033781 seconds
  Import took 0.038877 seconds .

========================================================================
Received Import Request.
  Time since last request: 0.004381 seconds.
  path: Assets/Shaders
  artifactKey: Guid(45488f1b5d87a2f4197b11c01e63e244) Importer(815301076,1909f56bfc062723c751e8b465ee728b)
Start importing Assets/Shaders using Guid(45488f1b5d87a2f4197b11c01e63e244) Importer(815301076,1909f56bfc062723c751e8b465ee728b)  -> (artifact id: 'cd789864aded35a7618cad06bd9d0dbc') in 0.007373 seconds
  Import took 0.013346 seconds .

========================================================================
Received Prepare
Registering precompiled user dll's ...
Registered in 0.012124 seconds.
Begin MonoManager ReloadAssembly
Native extension for WindowsStandalone target not found
Refreshing native plugins compatible for Editor in 0.85 ms, found 0 plugins.
Preloading 0 native plugins for Editor in 0.00 ms.
Invoked RoslynAnalysisRunner static constructor.
RoslynAnalysisRunner will not be running.
RoslynAnalysisRunner has terminated.
Mono: successfully reloaded assembly
- Completed reload, in  2.078 seconds
Platform modules already initialized, skipping
Refreshing native plugins compatible for Editor in 0.84 ms, found 0 plugins.
Preloading 0 native plugins for Editor in 0.00 ms.
Unloading 1586 Unused Serialized files (Serialized files now loaded: 0)
System memory in use before: 151.1 MB.
System memory in use after: 151.1 MB.

Unloading 27 unused Assets to reduce memory usage. Loaded Objects now: 2141.
Total: 3.045300 ms (FindLiveObjects: 0.385400 ms CreateObjectMapping: 0.089300 ms MarkObjects: 2.448600 ms  DeleteObjects: 0.119700 ms)

========================================================================
Received Prepare
Registering precompiled user dll's ...
Registered in 0.007616 seconds.
Begin MonoManager ReloadAssembly
Native extension for WindowsStandalone target not found
Refreshing native plugins compatible for Editor in 0.86 ms, found 0 plugins.
Preloading 0 native plugins for Editor in 0.00 ms.
Invoked RoslynAnalysisRunner static constructor.
RoslynAnalysisRunner will not be running.
RoslynAnalysisRunner has terminated.
Mono: successfully reloaded assembly
- Completed reload, in  1.956 seconds
Platform modules already initialized, skipping
Refreshing native plugins compatible for Editor in 0.83 ms, found 0 plugins.
Preloading 0 native plugins for Editor in 0.00 ms.
Unloading 1586 Unused Serialized files (Serialized files now loaded: 0)
System memory in use before: 151.0 MB.
System memory in use after: 151.1 MB.

Unloading 27 unused Assets to reduce memory usage. Loaded Objects now: 2144.
Total: 3.056000 ms (FindLiveObjects: 0.361700 ms CreateObjectMapping: 0.092100 ms MarkObjects: 2.487600 ms  DeleteObjects: 0.112800 ms)

AssetImportWorkerClient::OnTransportError - code=2 error=End of file
